<?xml version="1.0" encoding="UTF-8"?>
<!-- Generated by org.testng.reporters.JUnitReportReporter -->
<testsuite hostname="LAPTOP-2AN9EOLO" failures="0" tests="3" name="com.framework.test.AppTestClass" time="28.036" errors="0" timestamp="2025-03-27T11:46:37 IST" skipped="0">
  <testcase classname="com.framework.test.AppTestClass" name="login" time="9.824"/>
  <system-out/>
  <testcase classname="com.framework.test.AppTestClass" name="login" time="10.098"/>
  <system-out/>
  <testcase classname="com.framework.test.AppTestClass" name="forgotPassword" time="8.114"/>
  <system-out/>
</testsuite> <!-- com.framework.test.AppTestClass -->
